<?xml version="1.0" encoding="UTF-8"?>
<testsuite name="Filmly_0001" tests="1" skipped="0" failures="0" errors="0" timestamp="2022-01-16T17:57:59" hostname="DESKTOP-2H7HB1G" time="11.574">
  <properties/>
  <testcase name="Filmly_0001" classname="Filmly_0001" time="11.574"/>
  <system-out><![CDATA[Element present
]]></system-out>
  <system-err><![CDATA[SLF4J: Failed to load class "org.slf4j.impl.StaticLoggerBinder".
SLF4J: Defaulting to no-operation (NOP) logger implementation
SLF4J: See http://www.slf4j.org/codes.html#StaticLoggerBinder for further details.
1642355877371	geckodriver	INFO	Listening on 127.0.0.1:7893
1642355877965	mozrunner::runner	INFO	Running command: "C:\\Program Files\\Mozilla Firefox\\firefox.exe" "--marionette" "--no-sandbox" "--disable-dev-shm-usage" "--headless" "-no-remote" "-profile" "C:\\Users\\Lucas\\AppData\\Local\\Temp\\rust_mozprofileWHJm9i"
*** You are running in headless mode.
1642355878177	Marionette	INFO	Marionette enabled
[GFX1-]: RenderCompositorSWGL failed mapping default framebuffer, no dt
console.warn: SearchSettings: "get: No settings file exists, new profile?" (new NotFoundError("Could not open the file at C:\\Users\\Lucas\\AppData\\Local\\Temp\\rust_mozprofileWHJm9i\\search.json.mozlz4", (void 0)))
1642355879043	Marionette	INFO	Listening on port 63567
1642355879508	RemoteAgent	WARN	TLS certificate errors will be ignored for this session
sty 16, 2022 6:57:59 PM org.openqa.selenium.remote.ProtocolHandshake createSession
INFO: Detected dialect: W3C
console.warn: LoginRecipes: "getRecipes: falling back to a synchronous message for:" "https://filmly-app.vercel.app"
console.warn: LoginRecipes: "getRecipes: falling back to a synchronous message for:" "https://filmly-app.vercel.app"
JavaScript error: resource://gre/modules/LoginManagerParent.jsm, line 136: TypeError: gRecipeManager is null
console.warn: LoginRecipes: "getRecipes: falling back to a synchronous message for:" "https://filmly-app.vercel.app"
JavaScript error: resource://gre/modules/LoginManagerParent.jsm, line 136: TypeError: gRecipeManager is null
console.warn: LoginRecipes: "getRecipes: falling back to a synchronous message for:" "https://filmly-app.vercel.app"
JavaScript error: resource://gre/modules/LoginManagerParent.jsm, line 136: TypeError: gRecipeManager is null
console.warn: LoginRecipes: "getRecipes: falling back to a synchronous message for:" "https://filmly-app.vercel.app"
JavaScript error: resource://gre/modules/LoginManagerParent.jsm, line 136: TypeError: gRecipeManager is null
console.warn: LoginRecipes: "getRecipes: falling back to a synchronous message for:" "https://filmly-app.vercel.app"
JavaScript error: resource://gre/modules/LoginManagerParent.jsm, line 136: TypeError: gRecipeManager is null
console.warn: LoginRecipes: "getRecipes: falling back to a synchronous message for:" "https://filmly-app.vercel.app"
JavaScript error: resource://gre/modules/LoginManagerParent.jsm, line 136: TypeError: gRecipeManager is null
console.warn: LoginRecipes: "getRecipes: falling back to a synchronous message for:" "https://filmly-app.vercel.app"
JavaScript error: resource://gre/modules/LoginManagerParent.jsm, line 136: TypeError: gRecipeManager is null
]]></system-err>
</testsuite>
